<?xml version="1.0" encoding="UTF-8"?>
<testsuite xmlns:xsi="http://www.w3.org/2001/XMLSchema-instance" xsi:noNamespaceSchemaLocation="https://maven.apache.org/surefire/maven-surefire-plugin/xsd/surefire-test-report.xsd" name="com.example.Dec2HexTest" time="0.088" tests="4" errors="0" skipped="0" failures="4">
  <properties>
[...]
</properties>
  <testcase name="testNonIntegerInput" classname="com.example.Dec2HexTest" time="0.054">
    <failure message="expected: &lt;true&gt; but was: &lt;false&gt;" type="org.opentest4j.AssertionFailedError"><![CDATA[org.opentest4j.AssertionFailedError: expected: <true> but was: <false>
	at com.example.Dec2HexTest.testNonIntegerInput(Dec2HexTest.java:47)
]]></failure>
    <system-err><![CDATA[Nov 14, 2024 9:28:03 PM com.example.Dec2Hex main
SEVERE: Invalid input. Please enter a valid integer.
]]></system-err>
  </testcase>
  <testcase name="testValidInput" classname="com.example.Dec2HexTest" time="0.008">
    <failure message="expected: &lt;true&gt; but was: &lt;false&gt;" type="org.opentest4j.AssertionFailedError"><![CDATA[org.opentest4j.AssertionFailedError: expected: <true> but was: <false>
	at com.example.Dec2HexTest.testValidInput(Dec2HexTest.java:19)
]]></failure>
    <system-err><![CDATA[Nov 14, 2024 9:28:03 PM com.example.Dec2Hex main
INFO: The hexadecimal value is: FF
Nov 14, 2024 9:28:03 PM com.example.Dec2Hex main
INFO: The hexadecimal value is: FF
]]></system-err>
  </testcase>
  <testcase name="testMissingInput" classname="com.example.Dec2HexTest" time="0.005">
    <failure message="expected: &lt;true&gt; but was: &lt;false&gt;" type="org.opentest4j.AssertionFailedError"><![CDATA[org.opentest4j.AssertionFailedError: expected: <true> but was: <false>
	at com.example.Dec2HexTest.testMissingInput(Dec2HexTest.java:33)
]]></failure>
    <system-err><![CDATA[Nov 14, 2024 9:28:03 PM com.example.Dec2Hex main
SEVERE: Please provide a decimal number as an argument.
Nov 14, 2024 9:28:03 PM com.example.Dec2Hex main
SEVERE: Please provide a decimal number as an argument.
Nov 14, 2024 9:28:03 PM com.example.Dec2Hex main
SEVERE: Please provide a decimal number as an argument.
]]></system-err>
  </testcase>
  <testcase name="testZeroInput" classname="com.example.Dec2HexTest" time="0.004">
    <failure message="expected: &lt;true&gt; but was: &lt;false&gt;" type="org.opentest4j.AssertionFailedError"><![CDATA[org.opentest4j.AssertionFailedError: expected: <true> but was: <false>
	at com.example.Dec2HexTest.testZeroInput(Dec2HexTest.java:61)
]]></failure>
    <system-err><![CDATA[Nov 14, 2024 9:28:03 PM com.example.Dec2Hex main
INFO: The hexadecimal value is: 0
Nov 14, 2024 9:28:03 PM com.example.Dec2Hex main
INFO: The hexadecimal value is: 0
Nov 14, 2024 9:28:03 PM com.example.Dec2Hex main
INFO: The hexadecimal value is: 0
Nov 14, 2024 9:28:03 PM com.example.Dec2Hex main
INFO: The hexadecimal value is: 0
]]></system-err>
  </testcase>
</testsuite>